# JRE version: OpenJDK Runtime Environment Temurin-17.0.6+10 (17.0.6+10) (build 17.0.6+10)
# Java VM: OpenJDK 64-Bit Server VM Temurin-17.0.6+10 (17.0.6+10, mixed mode, tiered, compressed oops, compressed class ptrs, parallel gc, windows-amd64)
GC Precious Log:
 CPUs: 4 total, 4 available
 Memory: 1961M
 Large Page Support: Disabled
 NUMA Support: Disabled
 Compressed Oops: Enabled (32-bit)
 Alignments: Space 512K, Generation 512K, Heap 2M
 Heap Min Capacity: 100M
 Heap Initial Capacity: 100M
 Heap Max Capacity: 1G
 Pre-touch: Disabled
 Parallel Workers: 4
Heap:
 PSYoungGen      total 2560K, used 411K [0x00000000eab00000, 0x00000000eaf00000, 0x0000000100000000)
  eden space 2048K, 4% used [0x00000000eab00000,0x00000000eab16e80,0x00000000ead00000)
  from space 512K, 62% used [0x00000000eae00000,0x00000000eae50000,0x00000000eae80000)
  to   space 512K, 0% used [0x00000000eae80000,0x00000000eae80000,0x00000000eaf00000)
 ParOldGen       total 286720K, used 238628K [0x00000000c0000000, 0x00000000d1800000, 0x00000000eab00000)
  object space 286720K, 83% used [0x00000000c0000000,0x00000000ce9092f0,0x00000000d1800000)
 Metaspace       used 82402K, committed 83584K, reserved 1130496K
  class space    used 8573K, committed 9088K, reserved 1048576K
GC Heap History (20 events):
Event: 700.245 GC heap before
{Heap before GC invocations=519 (full 17):
 PSYoungGen      total 2560K, used 2289K [0x00000000eab00000, 0x00000000eaf00000, 0x0000000100000000)
  eden space 2048K, 100% used [0x00000000eab00000,0x00000000ead00000,0x00000000ead00000)
  from space 512K, 47% used [0x00000000eae00000,0x00000000eae3c460,0x00000000eae80000)
  to   space 512K, 0% used [0x00000000eae80000,0x00000000eae80000,0x00000000eaf00000)
 ParOldGen       total 286720K, used 238190K [0x00000000c0000000, 0x00000000d1800000, 0x00000000eab00000)
  object space 286720K, 83% used [0x00000000c0000000,0x00000000ce89b858,0x00000000d1800000)
 Metaspace       used 80241K, committed 81536K, reserved 1122304K
  class space    used 8231K, committed 8832K, reserved 1048576K
}
Event: 700.248 GC heap after
{Heap after GC invocations=519 (full 17):
 PSYoungGen      total 2560K, used 241K [0x00000000eab00000, 0x00000000eaf00000, 0x0000000100000000)
  eden space 2048K, 0% used [0x00000000eab00000,0x00000000eab00000,0x00000000ead00000)
  from space 512K, 47% used [0x00000000eae80000,0x00000000eaebc460,0x00000000eaf00000)
  to   space 512K, 0% used [0x00000000eae00000,0x00000000eae00000,0x00000000eae80000)
 ParOldGen       total 286720K, used 238190K [0x00000000c0000000, 0x00000000d1800000, 0x00000000eab00000)
  object space 286720K, 83% used [0x00000000c0000000,0x00000000ce89b858,0x00000000d1800000)
 Metaspace       used 80241K, committed 81536K, reserved 1122304K
  class space    used 8231K, committed 8832K, reserved 1048576K
}
Event: 700.323 GC heap before
{Heap before GC invocations=520 (full 17):
 PSYoungGen      total 2560K, used 2175K [0x00000000eab00000, 0x00000000eaf00000, 0x0000000100000000)
  eden space 2048K, 94% used [0x00000000eab00000,0x00000000eace3928,0x00000000ead00000)
  from space 512K, 47% used [0x00000000eae80000,0x00000000eaebc460,0x00000000eaf00000)
  to   space 512K, 0% used [0x00000000eae00000,0x00000000eae00000,0x00000000eae80000)
 ParOldGen       total 286720K, used 238190K [0x00000000c0000000, 0x00000000d1800000, 0x00000000eab00000)
  object space 286720K, 83% used [0x00000000c0000000,0x00000000ce89b858,0x00000000d1800000)
 Metaspace       used 80400K, committed 81664K, reserved 1122304K
  class space    used 8270K, committed 8832K, reserved 1048576K
}
Event: 700.325 GC heap after
{Heap after GC invocations=520 (full 17):
 PSYoungGen      total 2560K, used 273K [0x00000000eab00000, 0x00000000eaf00000, 0x0000000100000000)
  eden space 2048K, 0% used [0x00000000eab00000,0x00000000eab00000,0x00000000ead00000)
  from space 512K, 53% used [0x00000000eae00000,0x00000000eae44460,0x00000000eae80000)
  to   space 512K, 0% used [0x00000000eae80000,0x00000000eae80000,0x00000000eaf00000)
 ParOldGen       total 286720K, used 238190K [0x00000000c0000000, 0x00000000d1800000, 0x00000000eab00000)
  object space 286720K, 83% used [0x00000000c0000000,0x00000000ce89b858,0x00000000d1800000)
 Metaspace       used 80400K, committed 81664K, reserved 1122304K
  class space    used 8270K, committed 8832K, reserved 1048576K
}
Event: 700.392 GC heap before
{Heap before GC invocations=521 (full 17):
 PSYoungGen      total 2560K, used 2286K [0x00000000eab00000, 0x00000000eaf00000, 0x0000000100000000)
  eden space 2048K, 98% used [0x00000000eab00000,0x00000000eacf7478,0x00000000ead00000)
  from space 512K, 53% used [0x00000000eae00000,0x00000000eae44460,0x00000000eae80000)
  to   space 512K, 0% used [0x00000000eae80000,0x00000000eae80000,0x00000000eaf00000)
 ParOldGen       total 286720K, used 238190K [0x00000000c0000000, 0x00000000d1800000, 0x00000000eab00000)
  object space 286720K, 83% used [0x00000000c0000000,0x00000000ce89b858,0x00000000d1800000)
 Metaspace       used 80712K, committed 81984K, reserved 1130496K
  class space    used 8305K, committed 8896K, reserved 1048576K
}
Event: 700.395 GC heap after
{Heap after GC invocations=521 (full 17):
 PSYoungGen      total 2560K, used 241K [0x00000000eab00000, 0x00000000eaf00000, 0x0000000100000000)
  eden space 2048K, 0% used [0x00000000eab00000,0x00000000eab00000,0x00000000ead00000)
  from space 512K, 47% used [0x00000000eae80000,0x00000000eaebc460,0x00000000eaf00000)
  to   space 512K, 0% used [0x00000000eae00000,0x00000000eae00000,0x00000000eae80000)
 ParOldGen       total 286720K, used 238190K [0x00000000c0000000, 0x00000000d1800000, 0x00000000eab00000)
  object space 286720K, 83% used [0x00000000c0000000,0x00000000ce89b858,0x00000000d1800000)
 Metaspace       used 80712K, committed 81984K, reserved 1130496K
  class space    used 8305K, committed 8896K, reserved 1048576K
}
Event: 700.471 GC heap before
{Heap before GC invocations=522 (full 17):
 PSYoungGen      total 2560K, used 2289K [0x00000000eab00000, 0x00000000eaf00000, 0x0000000100000000)
  eden space 2048K, 100% used [0x00000000eab00000,0x00000000ead00000,0x00000000ead00000)
  from space 512K, 47% used [0x00000000eae80000,0x00000000eaebc460,0x00000000eaf00000)
  to   space 512K, 0% used [0x00000000eae00000,0x00000000eae00000,0x00000000eae80000)
 ParOldGen       total 286720K, used 238190K [0x00000000c0000000, 0x00000000d1800000, 0x00000000eab00000)
  object space 286720K, 83% used [0x00000000c0000000,0x00000000ce89b858,0x00000000d1800000)
 Metaspace       used 81042K, committed 82240K, reserved 1130496K
  class space    used 8348K, committed 8896K, reserved 1048576K
}
Event: 700.475 GC heap after
{Heap after GC invocations=522 (full 17):
 PSYoungGen      total 2560K, used 401K [0x00000000eab00000, 0x00000000eaf00000, 0x0000000100000000)
  eden space 2048K, 0% used [0x00000000eab00000,0x00000000eab00000,0x00000000ead00000)
  from space 512K, 78% used [0x00000000eae00000,0x00000000eae64460,0x00000000eae80000)
  to   space 512K, 0% used [0x00000000eae80000,0x00000000eae80000,0x00000000eaf00000)
 ParOldGen       total 286720K, used 238190K [0x00000000c0000000, 0x00000000d1800000, 0x00000000eab00000)
  object space 286720K, 83% used [0x00000000c0000000,0x00000000ce89b858,0x00000000d1800000)
 Metaspace       used 81042K, committed 82240K, reserved 1130496K
  class space    used 8348K, committed 8896K, reserved 1048576K
}
Event: 700.559 GC heap before
{Heap before GC invocations=523 (full 17):
 PSYoungGen      total 2560K, used 2449K [0x00000000eab00000, 0x00000000eaf00000, 0x0000000100000000)
  eden space 2048K, 100% used [0x00000000eab00000,0x00000000ead00000,0x00000000ead00000)
  from space 512K, 78% used [0x00000000eae00000,0x00000000eae64460,0x00000000eae80000)
  to   space 512K, 0% used [0x00000000eae80000,0x00000000eae80000,0x00000000eaf00000)
 ParOldGen       total 286720K, used 238190K [0x00000000c0000000, 0x00000000d1800000, 0x00000000eab00000)
  object space 286720K, 83% used [0x00000000c0000000,0x00000000ce89b858,0x00000000d1800000)
 Metaspace       used 81195K, committed 82432K, reserved 1130496K
  class space    used 8394K, committed 8960K, reserved 1048576K
}
Event: 700.564 GC heap after
{Heap after GC invocations=523 (full 17):
 PSYoungGen      total 2560K, used 385K [0x00000000eab00000, 0x00000000eaf00000, 0x0000000100000000)
  eden space 2048K, 0% used [0x00000000eab00000,0x00000000eab00000,0x00000000ead00000)
  from space 512K, 75% used [0x00000000eae80000,0x00000000eaee0470,0x00000000eaf00000)
  to   space 512K, 0% used [0x00000000eae00000,0x00000000eae00000,0x00000000eae80000)
 ParOldGen       total 286720K, used 238190K [0x00000000c0000000, 0x00000000d1800000, 0x00000000eab00000)
  object space 286720K, 83% used [0x00000000c0000000,0x00000000ce89b858,0x00000000d1800000)
 Metaspace       used 81195K, committed 82432K, reserved 1130496K
  class space    used 8394K, committed 8960K, reserved 1048576K
}
Event: 700.628 GC heap before
{Heap before GC invocations=524 (full 17):
 PSYoungGen      total 2560K, used 2433K [0x00000000eab00000, 0x00000000eaf00000, 0x0000000100000000)
  eden space 2048K, 100% used [0x00000000eab00000,0x00000000ead00000,0x00000000ead00000)
  from space 512K, 75% used [0x00000000eae80000,0x00000000eaee0470,0x00000000eaf00000)
  to   space 512K, 0% used [0x00000000eae00000,0x00000000eae00000,0x00000000eae80000)
 ParOldGen       total 286720K, used 238190K [0x00000000c0000000, 0x00000000d1800000, 0x00000000eab00000)
  object space 286720K, 83% used [0x00000000c0000000,0x00000000ce89b858,0x00000000d1800000)
 Metaspace       used 81383K, committed 82624K, reserved 1130496K
  class space    used 8439K, committed 9024K, reserved 1048576K
}
Event: 700.631 GC heap after
{Heap after GC invocations=524 (full 17):
 PSYoungGen      total 2560K, used 337K [0x00000000eab00000, 0x00000000eaf00000, 0x0000000100000000)
  eden space 2048K, 0% used [0x00000000eab00000,0x00000000eab00000,0x00000000ead00000)
  from space 512K, 65% used [0x00000000eae00000,0x00000000eae54460,0x00000000eae80000)
  to   space 512K, 0% used [0x00000000eae80000,0x00000000eae80000,0x00000000eaf00000)
 ParOldGen       total 286720K, used 238278K [0x00000000c0000000, 0x00000000d1800000, 0x00000000eab00000)
  object space 286720K, 83% used [0x00000000c0000000,0x00000000ce8b1858,0x00000000d1800000)
 Metaspace       used 81383K, committed 82624K, reserved 1130496K
  class space    used 8439K, committed 9024K, reserved 1048576K
}
Event: 700.705 GC heap before
{Heap before GC invocations=525 (full 17):
 PSYoungGen      total 2560K, used 2385K [0x00000000eab00000, 0x00000000eaf00000, 0x0000000100000000)
  eden space 2048K, 100% used [0x00000000eab00000,0x00000000ead00000,0x00000000ead00000)
  from space 512K, 65% used [0x00000000eae00000,0x00000000eae54460,0x00000000eae80000)
  to   space 512K, 0% used [0x00000000eae80000,0x00000000eae80000,0x00000000eaf00000)
 ParOldGen       total 286720K, used 238278K [0x00000000c0000000, 0x00000000d1800000, 0x00000000eab00000)
  object space 286720K, 83% used [0x00000000c0000000,0x00000000ce8b1858,0x00000000d1800000)
 Metaspace       used 81643K, committed 82816K, reserved 1130496K
  class space    used 8486K, committed 9024K, reserved 1048576K
}
Event: 700.712 GC heap after
{Heap after GC invocations=525 (full 17):
 PSYoungGen      total 2560K, used 224K [0x00000000eab00000, 0x00000000eaf00000, 0x0000000100000000)
  eden space 2048K, 0% used [0x00000000eab00000,0x00000000eab00000,0x00000000ead00000)
  from space 512K, 43% used [0x00000000eae80000,0x00000000eaeb8000,0x00000000eaf00000)
  to   space 512K, 0% used [0x00000000eae00000,0x00000000eae00000,0x00000000eae80000)
 ParOldGen       total 286720K, used 238404K [0x00000000c0000000, 0x00000000d1800000, 0x00000000eab00000)
  object space 286720K, 83% used [0x00000000c0000000,0x00000000ce8d12b0,0x00000000d1800000)
 Metaspace       used 81643K, committed 82816K, reserved 1130496K
  class space    used 8486K, committed 9024K, reserved 1048576K
}
Event: 700.788 GC heap before
{Heap before GC invocations=526 (full 17):
 PSYoungGen      total 2560K, used 2271K [0x00000000eab00000, 0x00000000eaf00000, 0x0000000100000000)
  eden space 2048K, 99% used [0x00000000eab00000,0x00000000eacffc50,0x00000000ead00000)
  from space 512K, 43% used [0x00000000eae80000,0x00000000eaeb8000,0x00000000eaf00000)
  to   space 512K, 0% used [0x00000000eae00000,0x00000000eae00000,0x00000000eae80000)
 ParOldGen       total 286720K, used 238404K [0x00000000c0000000, 0x00000000d1800000, 0x00000000eab00000)
  object space 286720K, 83% used [0x00000000c0000000,0x00000000ce8d12b0,0x00000000d1800000)
 Metaspace       used 81983K, committed 83200K, reserved 1130496K
  class space    used 8515K, committed 9088K, reserved 1048576K
}
Event: 700.791 GC heap after
{Heap after GC invocations=526 (full 17):
 PSYoungGen      total 2560K, used 288K [0x00000000eab00000, 0x00000000eaf00000, 0x0000000100000000)
  eden space 2048K, 0% used [0x00000000eab00000,0x00000000eab00000,0x00000000ead00000)
  from space 512K, 56% used [0x00000000eae00000,0x00000000eae48020,0x00000000eae80000)
  to   space 512K, 0% used [0x00000000eae80000,0x00000000eae80000,0x00000000eaf00000)
 ParOldGen       total 286720K, used 238468K [0x00000000c0000000, 0x00000000d1800000, 0x00000000eab00000)
  object space 286720K, 83% used [0x00000000c0000000,0x00000000ce8e12b0,0x00000000d1800000)
 Metaspace       used 81983K, committed 83200K, reserved 1130496K
  class space    used 8515K, committed 9088K, reserved 1048576K
}
Event: 705.321 GC heap before
{Heap before GC invocations=527 (full 17):
 PSYoungGen      total 2560K, used 2336K [0x00000000eab00000, 0x00000000eaf00000, 0x0000000100000000)
  eden space 2048K, 100% used [0x00000000eab00000,0x00000000ead00000,0x00000000ead00000)
  from space 512K, 56% used [0x00000000eae00000,0x00000000eae48020,0x00000000eae80000)
  to   space 512K, 0% used [0x00000000eae80000,0x00000000eae80000,0x00000000eaf00000)
 ParOldGen       total 286720K, used 238468K [0x00000000c0000000, 0x00000000d1800000, 0x00000000eab00000)
  object space 286720K, 83% used [0x00000000c0000000,0x00000000ce8e12b0,0x00000000d1800000)
 Metaspace       used 82351K, committed 83520K, reserved 1130496K
  class space    used 8569K, committed 9088K, reserved 1048576K
}
Event: 705.326 GC heap after
{Heap after GC invocations=527 (full 17):
 PSYoungGen      total 2560K, used 320K [0x00000000eab00000, 0x00000000eaf00000, 0x0000000100000000)
  eden space 2048K, 0% used [0x00000000eab00000,0x00000000eab00000,0x00000000ead00000)
  from space 512K, 62% used [0x00000000eae80000,0x00000000eaed0000,0x00000000eaf00000)
  to   space 512K, 0% used [0x00000000eae00000,0x00000000eae00000,0x00000000eae80000)
 ParOldGen       total 286720K, used 238580K [0x00000000c0000000, 0x00000000d1800000, 0x00000000eab00000)
  object space 286720K, 83% used [0x00000000c0000000,0x00000000ce8fd2f0,0x00000000d1800000)
 Metaspace       used 82351K, committed 83520K, reserved 1130496K
  class space    used 8569K, committed 9088K, reserved 1048576K
}
Event: 725.742 GC heap before
{Heap before GC invocations=528 (full 17):
 PSYoungGen      total 2560K, used 2368K [0x00000000eab00000, 0x00000000eaf00000, 0x0000000100000000)
  eden space 2048K, 100% used [0x00000000eab00000,0x00000000ead00000,0x00000000ead00000)
  from space 512K, 62% used [0x00000000eae80000,0x00000000eaed0000,0x00000000eaf00000)
  to   space 512K, 0% used [0x00000000eae00000,0x00000000eae00000,0x00000000eae80000)
 ParOldGen       total 286720K, used 238580K [0x00000000c0000000, 0x00000000d1800000, 0x00000000eab00000)
  object space 286720K, 83% used [0x00000000c0000000,0x00000000ce8fd2f0,0x00000000d1800000)
 Metaspace       used 82402K, committed 83584K, reserved 1130496K
  class space    used 8573K, committed 9088K, reserved 1048576K
}
Event: 725.746 GC heap after
{Heap after GC invocations=528 (full 17):
 PSYoungGen      total 2560K, used 320K [0x00000000eab00000, 0x00000000eaf00000, 0x0000000100000000)
  eden space 2048K, 0% used [0x00000000eab00000,0x00000000eab00000,0x00000000ead00000)
  from space 512K, 62% used [0x00000000eae00000,0x00000000eae50000,0x00000000eae80000)
  to   space 512K, 0% used [0x00000000eae80000,0x00000000eae80000,0x00000000eaf00000)
 ParOldGen       total 286720K, used 238628K [0x00000000c0000000, 0x00000000d1800000, 0x00000000eab00000)
  object space 286720K, 83% used [0x00000000c0000000,0x00000000ce9092f0,0x00000000d1800000)
 Metaspace       used 82402K, committed 83584K, reserved 1130496K
  class space    used 8573K, committed 9088K, reserved 1048576K
}

